Build started 6/4/2012 7:08:57 PM.
     1>Project "C:\Users\LINNEA\Documents\GitHub\asciiartistpp\asciiartist\asciiartist.vcxproj" on node 2 (Build target(s)).
         C:\Program Files\Microsoft Visual Studio 11.0\VC\bin\link.exe /ERRORREPORT:PROMPT /OUT:"C:\Users\LINNEA\Documents\GitHub\asciiartistpp\asciiartist\Debug\asciiartist.exe" /INCREMENTAL /NOLOGO kernel32.lib user32.lib gdi32.lib winspool.lib comdlg32.lib advapi32.lib shell32.lib ole32.lib oleaut32.lib uuid.lib odbc32.lib odbccp32.lib /MANIFEST /MANIFESTUAC:"level='asInvoker' uiAccess='false'" /manifest:embed /DEBUG /PDB:"C:\Users\LINNEA\Documents\GitHub\asciiartistpp\asciiartist\Debug\asciiartist.pdb" /TLBID:1 /DYNAMICBASE /NXCOMPAT /IMPLIB:"C:\Users\LINNEA\Documents\GitHub\asciiartistpp\asciiartist\Debug\asciiartist.lib" /MACHINE:X86 Debug\main.obj
     1>main.obj : error LNK2019: unresolved external symbol "public: __thiscall Magick::Color::Color(char const *)" (??0Color@Magick@@QAE@PBD@Z) referenced in function "void __cdecl boxup(class Magick::Image &,class Magick::Image &,int,int,int,bool * *)" (?boxup@@YAXAAVImage@Magick@@0HHHPAPA_N@Z)
     1>main.obj : error LNK2019: unresolved external symbol "public: virtual __thiscall Magick::Color::~Color(void)" (??1Color@Magick@@UAE@XZ) referenced in function "void __cdecl boxup(class Magick::Image &,class Magick::Image &,int,int,int,bool * *)" (?boxup@@YAXAAVImage@Magick@@0HHHPAPA_N@Z)
     1>main.obj : error LNK2019: unresolved external symbol "public: virtual __thiscall Magick::DrawableBase::~DrawableBase(void)" (??1DrawableBase@Magick@@UAE@XZ) referenced in function "public: virtual void * __thiscall Magick::DrawableBase::`scalar deleting destructor'(unsigned int)" (??_GDrawableBase@Magick@@UAEPAXI@Z)
     1>main.obj : error LNK2019: unresolved external symbol "public: __thiscall Magick::Drawable::Drawable(class Magick::DrawableBase const &)" (??0Drawable@Magick@@QAE@ABVDrawableBase@1@@Z) referenced in function "void __cdecl boxup(class Magick::Image &,class Magick::Image &,int,int,int,bool * *)" (?boxup@@YAXAAVImage@Magick@@0HHHPAPA_N@Z)
     1>main.obj : error LNK2019: unresolved external symbol "public: __thiscall Magick::Drawable::~Drawable(void)" (??1Drawable@Magick@@QAE@XZ) referenced in function "void __cdecl boxup(class Magick::Image &,class Magick::Image &,int,int,int,bool * *)" (?boxup@@YAXAAVImage@Magick@@0HHHPAPA_N@Z)
     1>main.obj : error LNK2019: unresolved external symbol "public: virtual __thiscall Magick::DrawableRectangle::~DrawableRectangle(void)" (??1DrawableRectangle@Magick@@UAE@XZ) referenced in function "public: virtual void * __thiscall Magick::DrawableRectangle::`scalar deleting destructor'(unsigned int)" (??_GDrawableRectangle@Magick@@UAEPAXI@Z)
     1>main.obj : error LNK2001: unresolved external symbol "public: virtual void __thiscall Magick::DrawableRectangle::operator()(struct MagickCore::_DrawingWand *)const " (??RDrawableRectangle@Magick@@UBEXPAU_DrawingWand@MagickCore@@@Z)
     1>main.obj : error LNK2001: unresolved external symbol "public: virtual class Magick::DrawableBase * __thiscall Magick::DrawableRectangle::copy(void)const " (?copy@DrawableRectangle@Magick@@UBEPAVDrawableBase@2@XZ)
     1>main.obj : error LNK2019: unresolved external symbol "public: __thiscall Magick::Image::Image(class std::basic_string<char,struct std::char_traits<char>,class std::allocator<char> > const &)" (??0Image@Magick@@QAE@ABV?$basic_string@DU?$char_traits@D@std@@V?$allocator@D@2@@std@@@Z) referenced in function _main
     1>main.obj : error LNK2019: unresolved external symbol "public: virtual __thiscall Magick::Image::~Image(void)" (??1Image@Magick@@UAE@XZ) referenced in function "void __cdecl spaceFill(class Magick::Image &,int)" (?spaceFill@@YAXAAVImage@Magick@@H@Z)
     1>main.obj : error LNK2019: unresolved external symbol "public: __thiscall Magick::Image::Image(class Magick::Image const &)" (??0Image@Magick@@QAE@ABV01@@Z) referenced in function "void __cdecl spaceFill(class Magick::Image &,int)" (?spaceFill@@YAXAAVImage@Magick@@H@Z)
     1>main.obj : error LNK2019: unresolved external symbol "public: void __thiscall Magick::Image::draw(class Magick::Drawable const &)" (?draw@Image@Magick@@QAEXABVDrawable@2@@Z) referenced in function "void __cdecl boxup(class Magick::Image &,class Magick::Image &,int,int,int,bool * *)" (?boxup@@YAXAAVImage@Magick@@0HHHPAPA_N@Z)
     1>main.obj : error LNK2019: unresolved external symbol "public: void __thiscall Magick::Image::edge(double)" (?edge@Image@Magick@@QAEXN@Z) referenced in function "void __cdecl spaceFill(class Magick::Image &,int)" (?spaceFill@@YAXAAVImage@Magick@@H@Z)
     1>main.obj : error LNK2019: unresolved external symbol "public: void __thiscall Magick::Image::write(class std::basic_string<char,struct std::char_traits<char>,class std::allocator<char> > const &)" (?write@Image@Magick@@QAEXABV?$basic_string@DU?$char_traits@D@std@@V?$allocator@D@2@@std@@@Z) referenced in function "void __cdecl spaceFill(class Magick::Image &,int)" (?spaceFill@@YAXAAVImage@Magick@@H@Z)
     1>main.obj : error LNK2019: unresolved external symbol "public: void __thiscall Magick::Image::fillColor(class Magick::Color const &)" (?fillColor@Image@Magick@@QAEXABVColor@2@@Z) referenced in function "void __cdecl boxup(class Magick::Image &,class Magick::Image &,int,int,int,bool * *)" (?boxup@@YAXAAVImage@Magick@@0HHHPAPA_N@Z)
     1>main.obj : error LNK2019: unresolved external symbol "public: void __thiscall Magick::Image::strokeColor(class Magick::Color const &)" (?strokeColor@Image@Magick@@QAEXABVColor@2@@Z) referenced in function "void __cdecl boxup(class Magick::Image &,class Magick::Image &,int,int,int,bool * *)" (?boxup@@YAXAAVImage@Magick@@0HHHPAPA_N@Z)
     1>main.obj : error LNK2019: unresolved external symbol "public: struct MagickCore::_PixelPacket * __thiscall Magick::Image::getPixels(long,long,unsigned int,unsigned int)" (?getPixels@Image@Magick@@QAEPAU_PixelPacket@MagickCore@@JJII@Z) referenced in function "void __cdecl boxup(class Magick::Image &,class Magick::Image &,int,int,int,bool * *)" (?boxup@@YAXAAVImage@Magick@@0HHHPAPA_N@Z)
     1>main.obj : error LNK2019: unresolved external symbol "public: struct MagickCore::_Image const * __thiscall Magick::Image::constImage(void)const " (?constImage@Image@Magick@@QBEPBU_Image@MagickCore@@XZ) referenced in function "public: unsigned int __thiscall Magick::Image::columns(void)const " (?columns@Image@Magick@@QBEIXZ)
     1>C:\Users\LINNEA\Documents\GitHub\asciiartistpp\asciiartist\Debug\asciiartist.exe : fatal error LNK1120: 18 unresolved externals
     1>Done Building Project "C:\Users\LINNEA\Documents\GitHub\asciiartistpp\asciiartist\asciiartist.vcxproj" (Build target(s)) -- FAILED.

Build FAILED.

Time Elapsed 00:00:02.43
